2025-06-17 22:14:20 - Request method: GET
2025-06-17 22:14:20 - Read messages.json: []

2025-06-17 22:14:22 - Request method: POST
2025-06-17 22:14:22 - Raw POST data: {"text":"Kupivte bilet za edno vozenje so cena od 40 denari na 17.06.2025 22:14 chasot.","sender":"user"}
2025-06-17 22:14:22 - Saved new message: {"id":"6851cc9e56465","text":"Kupivte bilet za edno vozenje so cena od 40 denari na 17.06.2025 22:14 chasot.","timestamp":"2025-06-17 22:14:22","sender":"user"}
2025-06-17 22:14:22 - Request method: GET
2025-06-17 22:14:22 - Read messages.json: [
    {
        "id": "6851cc9e56465",
        "text": "Kupivte bilet za edno vozenje so cena od 40 denari na 17.06.2025 22:14 chasot.",
        "timestamp": "2025-06-17 22:14:22",
        "sender": "user"
    }
]
2025-06-17 22:14:29 - Request method: GET
2025-06-17 22:14:29 - Read messages.json: [
    {
        "id": "6851cc9e56465",
        "text": "Kupivte bilet za edno vozenje so cena od 40 denari na 17.06.2025 22:14 chasot.",
        "timestamp": "2025-06-17 22:14:22",
        "sender": "user"
    }
]
2025-06-17 22:15:02 - Request method: GET
2025-06-17 22:15:02 - Read messages.json: [
    {
        "id": "6851cc9e56465",
        "text": "Kupivte bilet za edno vozenje so cena od 40 denari na 17.06.2025 22:14 chasot.",
        "timestamp": "2025-06-17 22:14:22",
        "sender": "user"
    }
]
2025-06-17 22:15:11 - Request method: GET
2025-06-17 22:15:11 - Read messages.json: [
    {
        "id": "6851cc9e56465",
        "text": "Kupivte bilet za edno vozenje so cena od 40 denari na 17.06.2025 22:14 chasot.",
        "timestamp": "2025-06-17 22:14:22",
        "sender": "user"
    }
]
